<?xml version="1.0" encoding="UTF-8"?>
<testng-results ignored="0" total="0" passed="0" failed="0" skipped="0">
  <reporter-output>
  </reporter-output>
  <suite started-at="2021-05-24T11:32:28 IST" name="Suite" finished-at="2021-05-24T11:32:28 IST" duration-ms="192">
    <groups>
      <group name="cucumber">
        <method signature="AbstractTestNGCucumberTests.runScenario(io.cucumber.testng.PickleWrapper,io.cucumber.testng.FeatureWrapper)[pri:0, instance:TestRunner.Testrunner@212b5695]" name="runScenario" class="io.cucumber.testng.AbstractTestNGCucumberTests"/>
      </group> <!-- cucumber -->
    </groups>
    <test started-at="2021-05-24T11:32:28 IST" name="Valid login" finished-at="2021-05-24T11:32:28 IST" duration-ms="192">
      <class name="TestRunner.Testrunner">
        <test-method is-config="true" signature="setUpClass()[pri:0, instance:TestRunner.Testrunner@212b5695]" started-at="2021-05-24T11:32:28 IST" name="setUpClass" finished-at="2021-05-24T11:32:28 IST" duration-ms="161" status="PASS">
          <reporter-output>
          </reporter-output>
        </test-method> <!-- setUpClass -->
        <test-method is-config="true" signature="tearDownClass()[pri:0, instance:TestRunner.Testrunner@212b5695]" started-at="2021-05-24T11:32:28 IST" name="tearDownClass" finished-at="2021-05-24T11:32:28 IST" duration-ms="6" status="PASS">
          <reporter-output>
          </reporter-output>
        </test-method> <!-- tearDownClass -->
      </class> <!-- TestRunner.Testrunner -->
    </test> <!-- Valid login -->
  </suite> <!-- Suite -->
</testng-results>
