<?xml version="1.0" encoding="UTF-8"?>
<testng-results ignored="0" total="1" passed="1" failed="0" skipped="0">
  <reporter-output>
  </reporter-output>
  <suite started-at="2021-05-25T15:46:21 IST" name="Suite" finished-at="2021-05-25T15:47:22 IST" duration-ms="61026">
    <groups>
      <group name="cucumber">
        <method signature="AbstractTestNGCucumberTests.feature(cucumber.api.testng.CucumberFeatureWrapper)[pri:0, instance:TestRunner.Testrunner@f68f0dc]" name="feature" class="cucumber.api.testng.AbstractTestNGCucumberTests"/>
      </group> <!-- cucumber -->
    </groups>
    <test started-at="2021-05-25T15:46:21 IST" name="Valid login" finished-at="2021-05-25T15:47:22 IST" duration-ms="61026">
      <class name="TestRunner.Testrunner">
        <test-method is-config="true" signature="setUpClass()[pri:0, instance:TestRunner.Testrunner@f68f0dc]" started-at="2021-05-25T15:46:21 IST" name="setUpClass" finished-at="2021-05-25T15:46:21 IST" duration-ms="158" status="PASS">
          <reporter-output>
          </reporter-output>
        </test-method> <!-- setUpClass -->
        <test-method signature="feature(cucumber.api.testng.CucumberFeatureWrapper)[pri:0, instance:TestRunner.Testrunner@f68f0dc]" started-at="2021-05-25T15:46:21 IST" name="feature" description="Runs Cucumber Feature" data-provider="features" finished-at="2021-05-25T15:47:22 IST" duration-ms="60769" status="PASS">
          <params>
            <param index="0">
              <value>
                <![CDATA[Login of application]]>
              </value>
            </param>
          </params>
          <reporter-output>
          </reporter-output>
        </test-method> <!-- feature -->
        <test-method is-config="true" signature="tearDownClass()[pri:0, instance:TestRunner.Testrunner@f68f0dc]" started-at="2021-05-25T15:47:22 IST" name="tearDownClass" finished-at="2021-05-25T15:47:22 IST" duration-ms="4" status="PASS">
          <reporter-output>
          </reporter-output>
        </test-method> <!-- tearDownClass -->
      </class> <!-- TestRunner.Testrunner -->
    </test> <!-- Valid login -->
  </suite> <!-- Suite -->
</testng-results>
